code/app/build/intermediates/manifest_merge_blame_file/debug/manifest-merger-blame-debug-report.txt
1<?xml version="1.0" encoding="utf-8"?>
2<manifest xmlns:android="http://schemas.android.com/apk/res/android"
3    package="com.example.qreate"
4    android:versionCode="1"
5    android:versionName="1.0" >
6
7    <uses-sdk
8        android:minSdkVersion="24"
9        android:targetSdkVersion="34" />
10
11    <uses-feature
11-->src\main\AndroidManifest.xml:5:5-7:36
12        android:name="android.hardware.camera"
12-->src\main\AndroidManifest.xml:6:9-47
13        android:required="false" />
13-->src\main\AndroidManifest.xml:7:9-33
14
15    <uses-permission android:name="android.permission.CAMERA" />
15-->src\main\AndroidManifest.xml:8:5-64
15-->src\main\AndroidManifest.xml:8:22-62
16
17    <!-- Although the *SdkVersion is captured in gradle build files, this is required for non gradle builds -->
18    <!-- <uses-sdk android:minSdkVersion="14" /> -->
19    <uses-permission android:name="android.permission.ACCESS_NETWORK_STATE" />
19-->[com.google.firebase:firebase-firestore:24.10.3] AndroidManifest.xml:10:5-79
19-->[com.google.firebase:firebase-firestore:24.10.3] AndroidManifest.xml:10:22-76
20    <uses-permission android:name="android.permission.INTERNET" />
20-->[com.google.firebase:firebase-firestore:24.10.3] AndroidManifest.xml:11:5-67
20-->[com.google.firebase:firebase-firestore:24.10.3] AndroidManifest.xml:11:22-64
21
22    <uses-feature
22-->[com.journeyapps:zxing-android-embedded:4.2.0] AndroidManifest.xml:28:5-30:36
23        android:name="android.hardware.camera.front"
23-->[com.journeyapps:zxing-android-embedded:4.2.0] AndroidManifest.xml:29:9-53
24        android:required="false" /> <!-- TODO replace above two with next line after Android 4.2 -->
24-->[com.journeyapps:zxing-android-embedded:4.2.0] AndroidManifest.xml:30:9-33
25    <!-- <uses-feature android:name="android.hardware.camera.any"/> -->
26    <uses-feature
26-->[com.journeyapps:zxing-android-embedded:4.2.0] AndroidManifest.xml:33:5-35:36
27        android:name="android.hardware.camera.autofocus"
27-->[com.journeyapps:zxing-android-embedded:4.2.0] AndroidManifest.xml:34:9-57
28        android:required="false" />
28-->[com.journeyapps:zxing-android-embedded:4.2.0] AndroidManifest.xml:35:9-33
29    <uses-feature
29-->[com.journeyapps:zxing-android-embedded:4.2.0] AndroidManifest.xml:36:5-38:36
30        android:name="android.hardware.camera.flash"
30-->[com.journeyapps:zxing-android-embedded:4.2.0] AndroidManifest.xml:37:9-53
31        android:required="false" />
31-->[com.journeyapps:zxing-android-embedded:4.2.0] AndroidManifest.xml:38:9-33
32    <uses-feature
32-->[com.journeyapps:zxing-android-embedded:4.2.0] AndroidManifest.xml:39:5-41:36
33        android:name="android.hardware.screen.landscape"
33-->[com.journeyapps:zxing-android-embedded:4.2.0] AndroidManifest.xml:40:9-57
34        android:required="false" />
34-->[com.journeyapps:zxing-android-embedded:4.2.0] AndroidManifest.xml:41:9-33
35    <uses-feature
35-->[com.journeyapps:zxing-android-embedded:4.2.0] AndroidManifest.xml:42:5-44:36
36        android:name="android.hardware.wifi"
36-->[com.journeyapps:zxing-android-embedded:4.2.0] AndroidManifest.xml:43:9-45
37        android:required="false" />
37-->[com.journeyapps:zxing-android-embedded:4.2.0] AndroidManifest.xml:44:9-33
38
39    <permission
39-->[androidx.core:core:1.9.0] AndroidManifest.xml:22:5-24:47
40        android:name="com.example.qreate.DYNAMIC_RECEIVER_NOT_EXPORTED_PERMISSION"
40-->[androidx.core:core:1.9.0] AndroidManifest.xml:23:9-81
41        android:protectionLevel="signature" />
41-->[androidx.core:core:1.9.0] AndroidManifest.xml:24:9-44
42
43    <uses-permission android:name="com.example.qreate.DYNAMIC_RECEIVER_NOT_EXPORTED_PERMISSION" />
43-->[androidx.core:core:1.9.0] AndroidManifest.xml:26:5-97
43-->[androidx.core:core:1.9.0] AndroidManifest.xml:26:22-94
44
45    <application
45-->src\main\AndroidManifest.xml:10:5-37:19
46        android:allowBackup="true"
46-->src\main\AndroidManifest.xml:11:9-35
47        android:appComponentFactory="androidx.core.app.CoreComponentFactory"
47-->[androidx.core:core:1.9.0] AndroidManifest.xml:28:18-86
48        android:dataExtractionRules="@xml/data_extraction_rules"
48-->src\main\AndroidManifest.xml:12:9-65
49        android:debuggable="true"
50        android:extractNativeLibs="false"
51        android:fullBackupContent="@xml/backup_rules"
51-->src\main\AndroidManifest.xml:13:9-54
52        android:icon="@mipmap/ic_launcher"
52-->src\main\AndroidManifest.xml:14:9-43
53        android:label="@string/app_name"
53-->src\main\AndroidManifest.xml:15:9-41
54        android:roundIcon="@mipmap/ic_launcher_round"
54-->src\main\AndroidManifest.xml:16:9-54
55        android:supportsRtl="true"
55-->src\main\AndroidManifest.xml:17:9-35
56        android:testOnly="true"
57        android:theme="@style/Theme.QReate" >
57-->src\main\AndroidManifest.xml:18:9-44
58        <activity
58-->src\main\AndroidManifest.xml:20:9-28:20
59            android:name="com.example.qreate.MainActivity"
59-->src\main\AndroidManifest.xml:21:13-41
60            android:exported="true" >
60-->src\main\AndroidManifest.xml:22:13-36
61            <intent-filter>
61-->src\main\AndroidManifest.xml:23:13-27:29
62                <action android:name="android.intent.action.MAIN" />
62-->src\main\AndroidManifest.xml:24:17-69
62-->src\main\AndroidManifest.xml:24:25-66
63
64                <category android:name="android.intent.category.LAUNCHER" />
64-->src\main\AndroidManifest.xml:26:17-77
64-->src\main\AndroidManifest.xml:26:27-74
65            </intent-filter>
66        </activity>
67        <activity
67-->src\main\AndroidManifest.xml:30:9-33:20
68            android:name="com.example.qreate.QRGeneratorActivity"
68-->src\main\AndroidManifest.xml:30:19-54
69            android:exported="true" >
69-->src\main\AndroidManifest.xml:31:13-36
70        </activity>
71        <activity android:name="com.example.qreate.QRMenuScreenActivity" >
71-->src\main\AndroidManifest.xml:34:9-36:20
71-->src\main\AndroidManifest.xml:34:19-55
72        </activity>
73
74        <service
74-->[com.google.firebase:firebase-firestore:24.10.3] AndroidManifest.xml:14:9-23:19
75            android:name="com.google.firebase.components.ComponentDiscoveryService"
75-->[com.google.firebase:firebase-firestore:24.10.3] AndroidManifest.xml:15:13-84
76            android:directBootAware="true"
76-->[com.google.firebase:firebase-common:20.4.2] AndroidManifest.xml:32:13-43
77            android:exported="false" >
77-->[com.google.firebase:firebase-firestore:24.10.3] AndroidManifest.xml:16:13-37
78            <meta-data
78-->[com.google.firebase:firebase-firestore:24.10.3] AndroidManifest.xml:17:13-19:85
79                android:name="com.google.firebase.components:com.google.firebase.firestore.FirebaseFirestoreKtxRegistrar"
79-->[com.google.firebase:firebase-firestore:24.10.3] AndroidManifest.xml:18:17-122
80                android:value="com.google.firebase.components.ComponentRegistrar" />
80-->[com.google.firebase:firebase-firestore:24.10.3] AndroidManifest.xml:19:17-82
81            <meta-data
81-->[com.google.firebase:firebase-firestore:24.10.3] AndroidManifest.xml:20:13-22:85
82                android:name="com.google.firebase.components:com.google.firebase.firestore.FirestoreRegistrar"
82-->[com.google.firebase:firebase-firestore:24.10.3] AndroidManifest.xml:21:17-111
83                android:value="com.google.firebase.components.ComponentRegistrar" />
83-->[com.google.firebase:firebase-firestore:24.10.3] AndroidManifest.xml:22:17-82
84            <meta-data
84-->[com.google.firebase:firebase-common-ktx:20.4.2] AndroidManifest.xml:12:13-14:85
85                android:name="com.google.firebase.components:com.google.firebase.ktx.FirebaseCommonLegacyRegistrar"
85-->[com.google.firebase:firebase-common-ktx:20.4.2] AndroidManifest.xml:13:17-116
86                android:value="com.google.firebase.components.ComponentRegistrar" />
86-->[com.google.firebase:firebase-common-ktx:20.4.2] AndroidManifest.xml:14:17-82
87            <meta-data
87-->[com.google.firebase:firebase-common:20.4.2] AndroidManifest.xml:35:13-37:85
88                android:name="com.google.firebase.components:com.google.firebase.FirebaseCommonKtxRegistrar"
88-->[com.google.firebase:firebase-common:20.4.2] AndroidManifest.xml:36:17-109
89                android:value="com.google.firebase.components.ComponentRegistrar" />
89-->[com.google.firebase:firebase-common:20.4.2] AndroidManifest.xml:37:17-82
90        </service>
91
92        <activity
92-->[com.journeyapps:zxing-android-embedded:4.2.0] AndroidManifest.xml:47:9-53:63
93            android:name="com.journeyapps.barcodescanner.CaptureActivity"
93-->[com.journeyapps:zxing-android-embedded:4.2.0] AndroidManifest.xml:48:13-74
94            android:clearTaskOnLaunch="true"
94-->[com.journeyapps:zxing-android-embedded:4.2.0] AndroidManifest.xml:49:13-45
95            android:screenOrientation="sensorLandscape"
95-->[com.journeyapps:zxing-android-embedded:4.2.0] AndroidManifest.xml:50:13-56
96            android:stateNotNeeded="true"
96-->[com.journeyapps:zxing-android-embedded:4.2.0] AndroidManifest.xml:51:13-42
97            android:theme="@style/zxing_CaptureTheme"
97-->[com.journeyapps:zxing-android-embedded:4.2.0] AndroidManifest.xml:52:13-54
98            android:windowSoftInputMode="stateAlwaysHidden" />
98-->[com.journeyapps:zxing-android-embedded:4.2.0] AndroidManifest.xml:53:13-60
99
100        <provider
100-->[com.google.firebase:firebase-common:20.4.2] AndroidManifest.xml:23:9-28:39
101            android:name="com.google.firebase.provider.FirebaseInitProvider"
101-->[com.google.firebase:firebase-common:20.4.2] AndroidManifest.xml:24:13-77
102            android:authorities="com.example.qreate.firebaseinitprovider"
102-->[com.google.firebase:firebase-common:20.4.2] AndroidManifest.xml:25:13-72
103            android:directBootAware="true"
103-->[com.google.firebase:firebase-common:20.4.2] AndroidManifest.xml:26:13-43
104            android:exported="false"
104-->[com.google.firebase:firebase-common:20.4.2] AndroidManifest.xml:27:13-37
105            android:initOrder="100" />
105-->[com.google.firebase:firebase-common:20.4.2] AndroidManifest.xml:28:13-36
106
107        <activity
107-->[com.google.android.gms:play-services-base:18.0.1] AndroidManifest.xml:20:9-22:45
108            android:name="com.google.android.gms.common.api.GoogleApiActivity"
108-->[com.google.android.gms:play-services-base:18.0.1] AndroidManifest.xml:20:19-85
109            android:exported="false"
109-->[com.google.android.gms:play-services-base:18.0.1] AndroidManifest.xml:22:19-43
110            android:theme="@android:style/Theme.Translucent.NoTitleBar" />
110-->[com.google.android.gms:play-services-base:18.0.1] AndroidManifest.xml:21:19-78
111
112        <provider
112-->[androidx.emoji2:emoji2:1.2.0] AndroidManifest.xml:24:9-32:20
113            android:name="androidx.startup.InitializationProvider"
113-->[androidx.emoji2:emoji2:1.2.0] AndroidManifest.xml:25:13-67
114            android:authorities="com.example.qreate.androidx-startup"
114-->[androidx.emoji2:emoji2:1.2.0] AndroidManifest.xml:26:13-68
115            android:exported="false" >
115-->[androidx.emoji2:emoji2:1.2.0] AndroidManifest.xml:27:13-37
116            <meta-data
116-->[androidx.emoji2:emoji2:1.2.0] AndroidManifest.xml:29:13-31:52
117                android:name="androidx.emoji2.text.EmojiCompatInitializer"
117-->[androidx.emoji2:emoji2:1.2.0] AndroidManifest.xml:30:17-75
118                android:value="androidx.startup" />
118-->[androidx.emoji2:emoji2:1.2.0] AndroidManifest.xml:31:17-49
119            <meta-data
119-->[androidx.lifecycle:lifecycle-process:2.6.1] AndroidManifest.xml:29:13-31:52
120                android:name="androidx.lifecycle.ProcessLifecycleInitializer"
120-->[androidx.lifecycle:lifecycle-process:2.6.1] AndroidManifest.xml:30:17-78
121                android:value="androidx.startup" />
121-->[androidx.lifecycle:lifecycle-process:2.6.1] AndroidManifest.xml:31:17-49
122            <meta-data
122-->[androidx.profileinstaller:profileinstaller:1.3.0] AndroidManifest.xml:29:13-31:52
123                android:name="androidx.profileinstaller.ProfileInstallerInitializer"
123-->[androidx.profileinstaller:profileinstaller:1.3.0] AndroidManifest.xml:30:17-85
124                android:value="androidx.startup" />
124-->[androidx.profileinstaller:profileinstaller:1.3.0] AndroidManifest.xml:31:17-49
125        </provider>
126
127        <meta-data
127-->[com.google.android.gms:play-services-basement:18.1.0] AndroidManifest.xml:21:9-23:69
128            android:name="com.google.android.gms.version"
128-->[com.google.android.gms:play-services-basement:18.1.0] AndroidManifest.xml:22:13-58
129            android:value="@integer/google_play_services_version" />
129-->[com.google.android.gms:play-services-basement:18.1.0] AndroidManifest.xml:23:13-66
130
131        <receiver
131-->[androidx.profileinstaller:profileinstaller:1.3.0] AndroidManifest.xml:34:9-52:20
132            android:name="androidx.profileinstaller.ProfileInstallReceiver"
132-->[androidx.profileinstaller:profileinstaller:1.3.0] AndroidManifest.xml:35:13-76
133            android:directBootAware="false"
133-->[androidx.profileinstaller:profileinstaller:1.3.0] AndroidManifest.xml:36:13-44
134            android:enabled="true"
134-->[androidx.profileinstaller:profileinstaller:1.3.0] AndroidManifest.xml:37:13-35
135            android:exported="true"
135-->[androidx.profileinstaller:profileinstaller:1.3.0] AndroidManifest.xml:38:13-36
136            android:permission="android.permission.DUMP" >
136-->[androidx.profileinstaller:profileinstaller:1.3.0] AndroidManifest.xml:39:13-57
137            <intent-filter>
137-->[androidx.profileinstaller:profileinstaller:1.3.0] AndroidManifest.xml:40:13-42:29
138                <action android:name="androidx.profileinstaller.action.INSTALL_PROFILE" />
138-->[androidx.profileinstaller:profileinstaller:1.3.0] AndroidManifest.xml:41:17-91
138-->[androidx.profileinstaller:profileinstaller:1.3.0] AndroidManifest.xml:41:25-88
139            </intent-filter>
140            <intent-filter>
140-->[androidx.profileinstaller:profileinstaller:1.3.0] AndroidManifest.xml:43:13-45:29
141                <action android:name="androidx.profileinstaller.action.SKIP_FILE" />
141-->[androidx.profileinstaller:profileinstaller:1.3.0] AndroidManifest.xml:44:17-85
141-->[androidx.profileinstaller:profileinstaller:1.3.0] AndroidManifest.xml:44:25-82
142            </intent-filter>
143            <intent-filter>
143-->[androidx.profileinstaller:profileinstaller:1.3.0] AndroidManifest.xml:46:13-48:29
144                <action android:name="androidx.profileinstaller.action.SAVE_PROFILE" />
144-->[androidx.profileinstaller:profileinstaller:1.3.0] AndroidManifest.xml:47:17-88
144-->[androidx.profileinstaller:profileinstaller:1.3.0] AndroidManifest.xml:47:25-85
145            </intent-filter>
146            <intent-filter>
146-->[androidx.profileinstaller:profileinstaller:1.3.0] AndroidManifest.xml:49:13-51:29
147                <action android:name="androidx.profileinstaller.action.BENCHMARK_OPERATION" />
147-->[androidx.profileinstaller:profileinstaller:1.3.0] AndroidManifest.xml:50:17-95
147-->[androidx.profileinstaller:profileinstaller:1.3.0] AndroidManifest.xml:50:25-92
148            </intent-filter>
149        </receiver>
150    </application>
151
152</manifest>